libu3d/build/outputs/logs/manifest-merger-debug-report.txt
-- Merging decision tree log ---
manifest
ADDED from src\main\AndroidManifest.xml:2:1-79:12
INJECTED from src\main\AndroidManifest.xml:2:1-79:12
INJECTED from src\main\AndroidManifest.xml:2:1-79:12
INJECTED from src\main\AndroidManifest.xml:2:1-79:12
INJECTED from src\main\AndroidManifest.xml:2:1-79:12
INJECTED from src\main\AndroidManifest.xml:2:1-79:12
INJECTED from src\main\AndroidManifest.xml:2:1-79:12
	package
		ADDED from src\main\AndroidManifest.xml:4:5-32
		INJECTED from src\main\AndroidManifest.xml
		INJECTED from src\main\AndroidManifest.xml
	android:versionName
		ADDED from src\main\AndroidManifest.xml:7:5-30
		INJECTED from src\main\AndroidManifest.xml
		INJECTED from src\main\AndroidManifest.xml
	xmlns:tools
		ADDED from src\main\AndroidManifest.xml:3:5-51
	xmlns:android
		ADDED from src\main\AndroidManifest.xml:2:11-69
	android:versionCode
		ADDED from src\main\AndroidManifest.xml:6:5-28
		INJECTED from src\main\AndroidManifest.xml
		INJECTED from src\main\AndroidManifest.xml
	android:installLocation
		ADDED from src\main\AndroidManifest.xml:5:5-45
supports-screens
ADDED from src\main\AndroidManifest.xml:8:5-13:40
	android:largeScreens
		ADDED from src\main\AndroidManifest.xml:10:9-36
	android:smallScreens
		ADDED from src\main\AndroidManifest.xml:12:9-36
	android:normalScreens
		ADDED from src\main\AndroidManifest.xml:11:9-37
	android:xlargeScreens
		ADDED from src\main\AndroidManifest.xml:13:9-37
	android:anyDensity
		ADDED from src\main\AndroidManifest.xml:9:9-34
application
ADDED from src\main\AndroidManifest.xml:14:5-42:19
	android:theme
		ADDED from src\main\AndroidManifest.xml:16:9-40
	android:isGame
		ADDED from src\main\AndroidManifest.xml:15:9-30
activity#cn.com.yomo.unity.UnityPlayerActivity
ADDED from src\main\AndroidManifest.xml:18:9-26:20
	android:screenOrientation
		ADDED from src\main\AndroidManifest.xml:22:13-49
	android:launchMode
		ADDED from src\main\AndroidManifest.xml:21:13-44
	android:configChanges
		ADDED from src\main\AndroidManifest.xml:20:13-194
	android:name
		ADDED from src\main\AndroidManifest.xml:19:13-65
meta-data#unityplayer.UnityActivity
ADDED from src\main\AndroidManifest.xml:23:13-25:40
	android:value
		ADDED from src\main\AndroidManifest.xml:25:17-37
	android:name
		ADDED from src\main\AndroidManifest.xml:24:17-57
meta-data#unity.build-id
ADDED from src\main\AndroidManifest.xml:30:9-32:68
	android:value
		ADDED from src\main\AndroidManifest.xml:32:13-65
	android:name
		ADDED from src\main\AndroidManifest.xml:31:13-42
meta-data#unity.splash-mode
ADDED from src\main\AndroidManifest.xml:33:9-35:33
	android:value
		ADDED from src\main\AndroidManifest.xml:35:13-30
	android:name
		ADDED from src\main\AndroidManifest.xml:34:13-45
meta-data#unity.splash-enable
ADDED from src\main\AndroidManifest.xml:36:9-38:36
	android:value
		ADDED from src\main\AndroidManifest.xml:38:13-33
	android:name
		ADDED from src\main\AndroidManifest.xml:37:13-47
meta-data#android.max_aspect
ADDED from src\main\AndroidManifest.xml:39:9-41:35
	android:value
		ADDED from src\main\AndroidManifest.xml:41:13-32
	android:name
		ADDED from src\main\AndroidManifest.xml:40:13-46
uses-feature#0x00020000
ADDED from src\main\AndroidManifest.xml:44:5-54
	android:glEsVersion
		ADDED from src\main\AndroidManifest.xml:44:19-51
uses-feature#android.hardware.vulkan
ADDED from src\main\AndroidManifest.xml:45:5-47:36
	android:required
		ADDED from src\main\AndroidManifest.xml:47:9-33
	android:name
		ADDED from src\main\AndroidManifest.xml:46:9-47
uses-permission#android.permission.INTERNET
ADDED from src\main\AndroidManifest.xml:49:5-67
	android:name
		ADDED from src\main\AndroidManifest.xml:49:22-64
uses-permission#android.permission.ACCESS_NETWORK_STATE
ADDED from src\main\AndroidManifest.xml:50:5-79
	android:name
		ADDED from src\main\AndroidManifest.xml:50:22-76
uses-permission#android.permission.CAMERA
ADDED from src\main\AndroidManifest.xml:51:5-65
	android:name
		ADDED from src\main\AndroidManifest.xml:51:22-62
uses-feature#android.hardware.camera
ADDED from src\main\AndroidManifest.xml:53:5-55:36
	android:required
		ADDED from src\main\AndroidManifest.xml:55:9-33
	android:name
		ADDED from src\main\AndroidManifest.xml:54:9-47
uses-feature#android.hardware.camera.autofocus
ADDED from src\main\AndroidManifest.xml:56:5-58:36
	android:required
		ADDED from src\main\AndroidManifest.xml:58:9-33
	android:name
		ADDED from src\main\AndroidManifest.xml:57:9-57
uses-feature#android.hardware.camera.front
ADDED from src\main\AndroidManifest.xml:59:5-61:36
	android:required
		ADDED from src\main\AndroidManifest.xml:61:9-33
	android:name
		ADDED from src\main\AndroidManifest.xml:60:9-53
uses-permission#android.permission.WRITE_EXTERNAL_STORAGE
ADDED from src\main\AndroidManifest.xml:63:5-65:11
	android:name
		ADDED from src\main\AndroidManifest.xml:64:9-65
uses-permission#android.permission.READ_EXTERNAL_STORAGE
ADDED from src\main\AndroidManifest.xml:66:5-68:11
	android:name
		ADDED from src\main\AndroidManifest.xml:67:9-64
uses-feature#android.hardware.touchscreen
ADDED from src\main\AndroidManifest.xml:70:5-72:36
	android:required
		ADDED from src\main\AndroidManifest.xml:72:9-33
	android:name
		ADDED from src\main\AndroidManifest.xml:71:9-52
uses-feature#android.hardware.touchscreen.multitouch
ADDED from src\main\AndroidManifest.xml:73:5-75:36
	android:required
		ADDED from src\main\AndroidManifest.xml:75:9-33
	android:name
		ADDED from src\main\AndroidManifest.xml:74:9-63
uses-feature#android.hardware.touchscreen.multitouch.distinct
ADDED from src\main\AndroidManifest.xml:76:5-78:36
	android:required
		ADDED from src\main\AndroidManifest.xml:78:9-33
	android:name
		ADDED from src\main\AndroidManifest.xml:77:9-72
uses-sdk
INJECTED from src\main\AndroidManifest.xml reason: use-sdk injection requested
INJECTED from src\main\AndroidManifest.xml
INJECTED from src\main\AndroidManifest.xml
INJECTED from src\main\AndroidManifest.xml
INJECTED from src\main\AndroidManifest.xml
	android:targetSdkVersion
		INJECTED from src\main\AndroidManifest.xml
		ADDED from src\main\AndroidManifest.xml
		INJECTED from src\main\AndroidManifest.xml
	android:minSdkVersion
		INJECTED from src\main\AndroidManifest.xml
		ADDED from src\main\AndroidManifest.xml
		INJECTED from src\main\AndroidManifest.xml